<?xml version="1.0" encoding="UTF-8"?>
<testsuite xmlns:xsi="http://www.w3.org/2001/XMLSchema-instance" xsi:noNamespaceSchemaLocation="https://maven.apache.org/surefire/maven-surefire-plugin/xsd/surefire-test-report-3.0.xsd" version="3.0" name="com.acentra.orderprocessing.OrderProcessingConcurrencyTest" time="15.7" tests="2" errors="0" skipped="0" failures="0">
  <properties>
[...]
</properties>
  <testcase name="testHighConcurrencyZeroOverselling" classname="com.acentra.orderprocessing.OrderProcessingConcurrencyTest" time="3.7">
    <system-out><![CDATA[14:25:16.784 [main] INFO org.springframework.test.context.support.AnnotationConfigContextLoaderUtils -- Could not detect default configuration classes for test class [com.acentra.orderprocessing.OrderProcessingConcurrencyTest]: OrderProcessingConcurrencyTest does not declare any static, non-private, non-final, nested classes annotated with @Configuration.
14:25:16.911 [main] INFO org.springframework.boot.test.context.SpringBootTestContextBootstrapper -- Found @SpringBootConfiguration com.acentra.orderprocessing.OrderProcessingApplication for test class com.acentra.orderprocessing.OrderProcessingConcurrencyTest

  .   ____          _            __ _ _
 /\\ / ___'_ __ _ _(_)_ __  __ _ \ \ \ \
( ( )\___ | '_ | '_| | '_ \/ _` | \ \ \ \
 \\/  ___)| |_)| | | | | || (_| |  ) ) ) )
  '  |____| .__|_| |_|_| |_\__, | / / / /
 =========|_|==============|___/=/_/_/_/

 :: Spring Boot ::                (v3.3.4)

2026-09-22T14:25:17.473+05:30  INFO 6828 --- [order-processing-system] [           main] c.a.o.OrderProcessingConcurrencyTest     : Starting OrderProcessingConcurrencyTest using Java 25.0.1 with PID 6828 (started by navih in C:\Users\navih\Desktop\Acentra\backend)
2026-09-22T14:25:17.474+05:30  INFO 6828 --- [order-processing-system] [           main] c.a.o.OrderProcessingConcurrencyTest     : The following 1 profile is active: "local"
2026-09-22T14:25:18.938+05:30  INFO 6828 --- [order-processing-system] [           main] .s.d.r.c.RepositoryConfigurationDelegate : Bootstrapping Spring Data JPA repositories in DEFAULT mode.
2026-09-22T14:25:19.034+05:30  INFO 6828 --- [order-processing-system] [           main] .s.d.r.c.RepositoryConfigurationDelegate : Finished Spring Data repository scanning in 81 ms. Found 5 JPA repository interfaces.
2026-09-22T14:25:20.486+05:30  INFO 6828 --- [order-processing-system] [           main] o.hibernate.jpa.internal.util.LogHelper  : HHH000204: Processing PersistenceUnitInfo [name: default]
2026-09-22T14:25:20.575+05:30  INFO 6828 --- [order-processing-system] [           main] org.hibernate.Version                    : HHH000412: Hibernate ORM core version 6.5.3.Final
2026-09-22T14:25:20.615+05:30  INFO 6828 --- [order-processing-system] [           main] o.h.c.internal.RegionFactoryInitiator    : HHH000026: Second-level cache disabled
2026-09-22T14:25:20.975+05:30  INFO 6828 --- [order-processing-system] [           main] o.s.o.j.p.SpringPersistenceUnitInfo      : No LoadTimeWeaver setup: ignoring JPA class transformer
2026-09-22T14:25:21.009+05:30  INFO 6828 --- [order-processing-system] [           main] com.zaxxer.hikari.HikariDataSource       : HikariPool-1 - Starting...
2026-09-22T14:25:21.214+05:30  INFO 6828 --- [order-processing-system] [           main] com.zaxxer.hikari.pool.HikariPool        : HikariPool-1 - Added connection conn0: url=jdbc:h2:mem:orderdb user=SA
2026-09-22T14:25:21.216+05:30  INFO 6828 --- [order-processing-system] [           main] com.zaxxer.hikari.HikariDataSource       : HikariPool-1 - Start completed.
2026-09-22T14:25:21.240+05:30  WARN 6828 --- [order-processing-system] [           main] org.hibernate.orm.deprecation            : HHH90000025: H2Dialect does not need to be specified explicitly using 'hibernate.dialect' (remove the property setting and it will be selected by default)
2026-09-22T14:25:22.443+05:30  INFO 6828 --- [order-processing-system] [           main] o.h.e.t.j.p.i.JtaPlatformInitiator       : HHH000489: No JTA platform available (set 'hibernate.transaction.jta.platform' to enable JTA platform integration)
2026-09-22T14:25:22.553+05:30  INFO 6828 --- [order-processing-system] [           main] j.LocalContainerEntityManagerFactoryBean : Initialized JPA EntityManagerFactory for persistence unit 'default'
2026-09-22T14:25:26.273+05:30  INFO 6828 --- [order-processing-system] [           main] o.s.b.a.h2.H2ConsoleAutoConfiguration    : H2 console available at '/h2-console'. Database available at 'jdbc:h2:mem:orderdb'
2026-09-22T14:25:26.400+05:30  INFO 6828 --- [order-processing-system] [           main] o.s.b.a.e.web.EndpointLinksResolver      : Exposing 3 endpoints beneath base path '/actuator'
2026-09-22T14:25:26.461+05:30  INFO 6828 --- [order-processing-system] [           main] o.s.m.s.b.SimpleBrokerMessageHandler     : Starting...
2026-09-22T14:25:26.462+05:30  INFO 6828 --- [order-processing-system] [           main] o.s.m.s.b.SimpleBrokerMessageHandler     : BrokerAvailabilityEvent[available=true, SimpleBrokerMessageHandler [org.springframework.messaging.simp.broker.DefaultSubscriptionRegistry@5d798a2c]]
2026-09-22T14:25:26.463+05:30  INFO 6828 --- [order-processing-system] [           main] o.s.m.s.b.SimpleBrokerMessageHandler     : Started.
2026-09-22T14:25:26.488+05:30  INFO 6828 --- [order-processing-system] [           main] c.a.o.OrderProcessingConcurrencyTest     : Started OrderProcessingConcurrencyTest in 9.418 seconds (process running for 10.497)
2026-09-22T14:25:26.903+05:30  INFO 6828 --- [order-processing-system] [           main] c.a.o.service.DataInitializerService     : Seeding initial products and inventories with deliberate scarce & low stock configurations...
2026-09-22T14:25:26.970+05:30  INFO 6828 --- [order-processing-system] [           main] c.a.o.service.DataInitializerService     : Database seeding complete. Products and inventories ready for live operations!
2026-09-22T14:25:27.651+05:30  INFO 6828 --- [order-processing-system] [ order-worker-4] org.hibernate.orm.jdbc.batch             : HHH100503: On release of batch it still contained JDBC statements
2026-09-22T14:25:27.651+05:30 ERROR 6828 --- [order-processing-system] [ order-worker-4] org.hibernate.orm.jdbc.batch             : HHH100501: Exception executing batch [org.hibernate.StaleStateException: Batch update returned unexpected row count from update [0]; actual row count: 0; expected: 1; statement executed: update inventories set product_id=?,quantity=?,version=? where id=? and version=?], SQL: update inventories set product_id=?,quantity=?,version=? where id=? and version=?
2026-09-22T14:25:27.656+05:30  INFO 6828 --- [order-processing-system] [ order-worker-1] c.a.o.service.OrderProcessingService     : Order 7c4ec328-2997-4fc0-93f8-928efc34ae5a CONFIRMED for product 6 (qty: 1)
2026-09-22T14:25:27.657+05:30  INFO 6828 --- [order-processing-system] [ order-worker-2] org.hibernate.orm.jdbc.batch             : HHH100503: On release of batch it still contained JDBC statements
2026-09-22T14:25:27.657+05:30 ERROR 6828 --- [order-processing-system] [ order-worker-2] org.hibernate.orm.jdbc.batch             : HHH100501: Exception executing batch [org.hibernate.StaleStateException: Batch update returned unexpected row count from update [0]; actual row count: 0; expected: 1; statement executed: update inventories set product_id=?,quantity=?,version=? where id=? and version=?], SQL: update inventories set product_id=?,quantity=?,version=? where id=? and version=?
2026-09-22T14:25:27.658+05:30  INFO 6828 --- [order-processing-system] [ order-worker-3] org.hibernate.orm.jdbc.batch             : HHH100503: On release of batch it still contained JDBC statements
2026-09-22T14:25:27.659+05:30 ERROR 6828 --- [order-processing-system] [ order-worker-3] org.hibernate.orm.jdbc.batch             : HHH100501: Exception executing batch [org.hibernate.StaleStateException: Batch update returned unexpected row count from update [0]; actual row count: 0; expected: 1; statement executed: update inventories set product_id=?,quantity=?,version=? where id=? and version=?], SQL: update inventories set product_id=?,quantity=?,version=? where id=? and version=?
2026-09-22T14:25:27.678+05:30  INFO 6828 --- [order-processing-system] [ order-worker-1] c.a.o.service.OrderProcessingService     : Order db265ecd-aa5a-4e97-b86f-c421421bba9b CONFIRMED for product 6 (qty: 1)
2026-09-22T14:25:27.706+05:30  INFO 6828 --- [order-processing-system] [ order-worker-1] c.a.o.service.OrderProcessingService     : Order c7fff8aa-4c67-43a3-b7b7-be983beeb89d CONFIRMED for product 6 (qty: 1)
2026-09-22T14:25:27.708+05:30  INFO 6828 --- [order-processing-system] [ order-worker-2] org.hibernate.orm.jdbc.batch             : HHH100503: On release of batch it still contained JDBC statements
2026-09-22T14:25:27.708+05:30  INFO 6828 --- [order-processing-system] [ order-worker-3] org.hibernate.orm.jdbc.batch             : HHH100503: On release of batch it still contained JDBC statements
2026-09-22T14:25:27.708+05:30 ERROR 6828 --- [order-processing-system] [ order-worker-2] org.hibernate.orm.jdbc.batch             : HHH100501: Exception executing batch [org.hibernate.StaleStateException: Batch update returned unexpected row count from update [0]; actual row count: 0; expected: 1; statement executed: update inventories set product_id=?,quantity=?,version=? where id=? and version=?], SQL: update inventories set product_id=?,quantity=?,version=? where id=? and version=?
2026-09-22T14:25:27.708+05:30 ERROR 6828 --- [order-processing-system] [ order-worker-3] org.hibernate.orm.jdbc.batch             : HHH100501: Exception executing batch [org.hibernate.StaleStateException: Batch update returned unexpected row count from update [0]; actual row count: 0; expected: 1; statement executed: update inventories set product_id=?,quantity=?,version=? where id=? and version=?], SQL: update inventories set product_id=?,quantity=?,version=? where id=? and version=?
2026-09-22T14:25:27.722+05:30  INFO 6828 --- [order-processing-system] [ order-worker-4] c.a.o.service.OrderProcessingService     : Order 81f1d0df-c195-4f2c-8249-1dadccecaa7b CONFIRMED for product 6 (qty: 1)
2026-09-22T14:25:27.738+05:30  INFO 6828 --- [order-processing-system] [ order-worker-1] c.a.o.service.OrderProcessingService     : Order 3005dcf9-fd61-4cc2-81d9-1dd0e26e3624 CONFIRMED for product 6 (qty: 1)
2026-09-22T14:25:27.748+05:30 ERROR 6828 --- [order-processing-system] [ order-worker-4] c.a.o.service.InventoryService           : Optimistic locking retries exhausted for product 6 and quantity 1: Insufficient stock for product 6: requested 1, available 0
2026-09-22T14:25:27.749+05:30  WARN 6828 --- [order-processing-system] [ order-worker-4] c.a.o.service.OrderProcessingService     : Order 2c5abde8-1af2-4082-89d6-2918e2e6b49e FAILED: Insufficient stock for product 6: requested 1, available 0. Routing to Dead Letter Queue.
2026-09-22T14:25:27.749+05:30 ERROR 6828 --- [order-processing-system] [ order-worker-1] c.a.o.service.InventoryService           : Optimistic locking retries exhausted for product 6 and quantity 1: Insufficient stock for product 6: requested 1, available 0
2026-09-22T14:25:27.751+05:30  WARN 6828 --- [order-processing-system] [ order-worker-1] c.a.o.service.OrderProcessingService     : Order 58eb9230-30b5-4612-89c4-e6d6dd401978 FAILED: Insufficient stock for product 6: requested 1, available 0. Routing to Dead Letter Queue.
2026-09-22T14:25:27.777+05:30  WARN 6828 --- [order-processing-system] [ order-worker-1] c.a.o.service.DeadLetterQueueService     : Order 58eb9230-30b5-4612-89c4-e6d6dd401978 routed to Dead Letter Queue. Reason: Insufficient stock for product 6: requested 1, available 0
2026-09-22T14:25:27.777+05:30  WARN 6828 --- [order-processing-system] [ order-worker-4] c.a.o.service.DeadLetterQueueService     : Order 2c5abde8-1af2-4082-89d6-2918e2e6b49e routed to Dead Letter Queue. Reason: Insufficient stock for product 6: requested 1, available 0
2026-09-22T14:25:27.789+05:30 ERROR 6828 --- [order-processing-system] [ order-worker-3] c.a.o.service.InventoryService           : Optimistic locking retries exhausted for product 6 and quantity 1: Insufficient stock for product 6: requested 1, available 0
2026-09-22T14:25:27.789+05:30  WARN 6828 --- [order-processing-system] [ order-worker-3] c.a.o.service.OrderProcessingService     : Order 76be5e15-07e0-4802-86d0-59c37fd3c688 FAILED: Insufficient stock for product 6: requested 1, available 0. Routing to Dead Letter Queue.
2026-09-22T14:25:27.790+05:30 ERROR 6828 --- [order-processing-system] [ order-worker-2] c.a.o.service.InventoryService           : Optimistic locking retries exhausted for product 6 and quantity 1: Insufficient stock for product 6: requested 1, available 0
2026-09-22T14:25:27.791+05:30  WARN 6828 --- [order-processing-system] [ order-worker-2] c.a.o.service.OrderProcessingService     : Order 3aeff839-8ec0-400d-a9d6-147600613bc9 FAILED: Insufficient stock for product 6: requested 1, available 0. Routing to Dead Letter Queue.
2026-09-22T14:25:27.799+05:30  WARN 6828 --- [order-processing-system] [ order-worker-3] c.a.o.service.DeadLetterQueueService     : Order 76be5e15-07e0-4802-86d0-59c37fd3c688 routed to Dead Letter Queue. Reason: Insufficient stock for product 6: requested 1, available 0
2026-09-22T14:25:27.801+05:30  WARN 6828 --- [order-processing-system] [ order-worker-2] c.a.o.service.DeadLetterQueueService     : Order 3aeff839-8ec0-400d-a9d6-147600613bc9 routed to Dead Letter Queue. Reason: Insufficient stock for product 6: requested 1, available 0
2026-09-22T14:25:27.813+05:30 ERROR 6828 --- [order-processing-system] [ order-worker-1] c.a.o.service.InventoryService           : Optimistic locking retries exhausted for product 6 and quantity 1: Insufficient stock for product 6: requested 1, available 0
2026-09-22T14:25:27.814+05:30  WARN 6828 --- [order-processing-system] [ order-worker-1] c.a.o.service.OrderProcessingService     : Order 5a473c54-a59b-492a-9190-d540d84b7e0c FAILED: Insufficient stock for product 6: requested 1, available 0. Routing to Dead Letter Queue.
2026-09-22T14:25:27.820+05:30 ERROR 6828 --- [order-processing-system] [ order-worker-4] c.a.o.service.InventoryService           : Optimistic locking retries exhausted for product 6 and quantity 1: Insufficient stock for product 6: requested 1, available 0
2026-09-22T14:25:27.820+05:30 ERROR 6828 --- [order-processing-system] [ order-worker-3] c.a.o.service.InventoryService           : Optimistic locking retries exhausted for product 6 and quantity 1: Insufficient stock for product 6: requested 1, available 0
2026-09-22T14:25:27.820+05:30  WARN 6828 --- [order-processing-system] [ order-worker-4] c.a.o.service.OrderProcessingService     : Order fd29b466-7df7-4851-8da4-2bb8aa53c44c FAILED: Insufficient stock for product 6: requested 1, available 0. Routing to Dead Letter Queue.
2026-09-22T14:25:27.820+05:30  WARN 6828 --- [order-processing-system] [ order-worker-3] c.a.o.service.OrderProcessingService     : Order 2039d3d5-904e-423c-bf48-5e34a5c5db95 FAILED: Insufficient stock for product 6: requested 1, available 0. Routing to Dead Letter Queue.
2026-09-22T14:25:27.821+05:30  WARN 6828 --- [order-processing-system] [ order-worker-1] c.a.o.service.DeadLetterQueueService     : Order 5a473c54-a59b-492a-9190-d540d84b7e0c routed to Dead Letter Queue. Reason: Insufficient stock for product 6: requested 1, available 0
2026-09-22T14:25:27.828+05:30  WARN 6828 --- [order-processing-system] [ order-worker-4] c.a.o.service.DeadLetterQueueService     : Order fd29b466-7df7-4851-8da4-2bb8aa53c44c routed to Dead Letter Queue. Reason: Insufficient stock for product 6: requested 1, available 0
2026-09-22T14:25:27.828+05:30 ERROR 6828 --- [order-processing-system] [ order-worker-2] c.a.o.service.InventoryService           : Optimistic locking retries exhausted for product 6 and quantity 1: Insufficient stock for product 6: requested 1, available 0
2026-09-22T14:25:27.829+05:30  WARN 6828 --- [order-processing-system] [ order-worker-2] c.a.o.service.OrderProcessingService     : Order 446d512b-f258-40e9-a2bb-4d8b391b3298 FAILED: Insufficient stock for product 6: requested 1, available 0. Routing to Dead Letter Queue.
2026-09-22T14:25:27.829+05:30  WARN 6828 --- [order-processing-system] [ order-worker-3] c.a.o.service.DeadLetterQueueService     : Order 2039d3d5-904e-423c-bf48-5e34a5c5db95 routed to Dead Letter Queue. Reason: Insufficient stock for product 6: requested 1, available 0
2026-09-22T14:25:27.838+05:30  WARN 6828 --- [order-processing-system] [ order-worker-2] c.a.o.service.DeadLetterQueueService     : Order 446d512b-f258-40e9-a2bb-4d8b391b3298 routed to Dead Letter Queue. Reason: Insufficient stock for product 6: requested 1, available 0
2026-09-22T14:25:27.845+05:30 ERROR 6828 --- [order-processing-system] [ order-worker-1] c.a.o.service.InventoryService           : Optimistic locking retries exhausted for product 6 and quantity 1: Insufficient stock for product 6: requested 1, available 0
2026-09-22T14:25:27.845+05:30  WARN 6828 --- [order-processing-system] [ order-worker-1] c.a.o.service.OrderProcessingService     : Order 09c092fd-f8fc-4c8c-92bf-75f28211989a FAILED: Insufficient stock for product 6: requested 1, available 0. Routing to Dead Letter Queue.
2026-09-22T14:25:27.848+05:30 ERROR 6828 --- [order-processing-system] [ order-worker-4] c.a.o.service.InventoryService           : Optimistic locking retries exhausted for product 6 and quantity 1: Insufficient stock for product 6: requested 1, available 0
2026-09-22T14:25:27.848+05:30  WARN 6828 --- [order-processing-system] [ order-worker-4] c.a.o.service.OrderProcessingService     : Order 8be33cc9-9027-4f7f-854a-85bc8a368fa3 FAILED: Insufficient stock for product 6: requested 1, available 0. Routing to Dead Letter Queue.
2026-09-22T14:25:27.849+05:30 ERROR 6828 --- [order-processing-system] [ order-worker-3] c.a.o.service.InventoryService           : Optimistic locking retries exhausted for product 6 and quantity 1: Insufficient stock for product 6: requested 1, available 0
2026-09-22T14:25:27.849+05:30  WARN 6828 --- [order-processing-system] [ order-worker-3] c.a.o.service.OrderProcessingService     : Order 7b000550-faa7-4f25-9163-9e78bd1213ab FAILED: Insufficient stock for product 6: requested 1, available 0. Routing to Dead Letter Queue.
2026-09-22T14:25:27.858+05:30  WARN 6828 --- [order-processing-system] [ order-worker-1] c.a.o.service.DeadLetterQueueService     : Order 09c092fd-f8fc-4c8c-92bf-75f28211989a routed to Dead Letter Queue. Reason: Insufficient stock for product 6: requested 1, available 0
2026-09-22T14:25:27.858+05:30  WARN 6828 --- [order-processing-system] [ order-worker-4] c.a.o.service.DeadLetterQueueService     : Order 8be33cc9-9027-4f7f-854a-85bc8a368fa3 routed to Dead Letter Queue. Reason: Insufficient stock for product 6: requested 1, available 0
2026-09-22T14:25:27.861+05:30  WARN 6828 --- [order-processing-system] [ order-worker-3] c.a.o.service.DeadLetterQueueService     : Order 7b000550-faa7-4f25-9163-9e78bd1213ab routed to Dead Letter Queue. Reason: Insufficient stock for product 6: requested 1, available 0
2026-09-22T14:25:27.872+05:30 ERROR 6828 --- [order-processing-system] [ order-worker-2] c.a.o.service.InventoryService           : Optimistic locking retries exhausted for product 6 and quantity 1: Insufficient stock for product 6: requested 1, available 0
2026-09-22T14:25:27.873+05:30  WARN 6828 --- [order-processing-system] [ order-worker-2] c.a.o.service.OrderProcessingService     : Order 6d471b9e-6b7c-4190-90e3-1a08870c14f5 FAILED: Insufficient stock for product 6: requested 1, available 0. Routing to Dead Letter Queue.
2026-09-22T14:25:27.885+05:30  WARN 6828 --- [order-processing-system] [ order-worker-2] c.a.o.service.DeadLetterQueueService     : Order 6d471b9e-6b7c-4190-90e3-1a08870c14f5 routed to Dead Letter Queue. Reason: Insufficient stock for product 6: requested 1, available 0
2026-09-22T14:25:27.889+05:30 ERROR 6828 --- [order-processing-system] [ order-worker-1] c.a.o.service.InventoryService           : Optimistic locking retries exhausted for product 6 and quantity 1: Insufficient stock for product 6: requested 1, available 0
2026-09-22T14:25:27.889+05:30 ERROR 6828 --- [order-processing-system] [ order-worker-4] c.a.o.service.InventoryService           : Optimistic locking retries exhausted for product 6 and quantity 1: Insufficient stock for product 6: requested 1, available 0
2026-09-22T14:25:27.889+05:30 ERROR 6828 --- [order-processing-system] [ order-worker-3] c.a.o.service.InventoryService           : Optimistic locking retries exhausted for product 6 and quantity 1: Insufficient stock for product 6: requested 1, available 0
2026-09-22T14:25:27.890+05:30  WARN 6828 --- [order-processing-system] [ order-worker-1] c.a.o.service.OrderProcessingService     : Order 526af807-6ce5-4478-9e05-3eba37383b48 FAILED: Insufficient stock for product 6: requested 1, available 0. Routing to Dead Letter Queue.
2026-09-22T14:25:27.890+05:30  WARN 6828 --- [order-processing-system] [ order-worker-4] c.a.o.service.OrderProcessingService     : Order c861fb8c-2e7a-400c-aac9-83a960e47323 FAILED: Insufficient stock for product 6: requested 1, available 0. Routing to Dead Letter Queue.
2026-09-22T14:25:27.890+05:30  WARN 6828 --- [order-processing-system] [ order-worker-3] c.a.o.service.OrderProcessingService     : Order 28823fef-c4d6-4ddf-a173-e4928e063c8c FAILED: Insufficient stock for product 6: requested 1, available 0. Routing to Dead Letter Queue.
2026-09-22T14:25:27.899+05:30  WARN 6828 --- [order-processing-system] [ order-worker-4] c.a.o.service.DeadLetterQueueService     : Order c861fb8c-2e7a-400c-aac9-83a960e47323 routed to Dead Letter Queue. Reason: Insufficient stock for product 6: requested 1, available 0
2026-09-22T14:25:27.901+05:30  WARN 6828 --- [order-processing-system] [ order-worker-1] c.a.o.service.DeadLetterQueueService     : Order 526af807-6ce5-4478-9e05-3eba37383b48 routed to Dead Letter Queue. Reason: Insufficient stock for product 6: requested 1, available 0
2026-09-22T14:25:27.901+05:30  WARN 6828 --- [order-processing-system] [ order-worker-3] c.a.o.service.DeadLetterQueueService     : Order 28823fef-c4d6-4ddf-a173-e4928e063c8c routed to Dead Letter Queue. Reason: Insufficient stock for product 6: requested 1, available 0
2026-09-22T14:25:27.921+05:30 ERROR 6828 --- [order-processing-system] [ order-worker-2] c.a.o.service.InventoryService           : Optimistic locking retries exhausted for product 6 and quantity 1: Insufficient stock for product 6: requested 1, available 0
2026-09-22T14:25:27.921+05:30  WARN 6828 --- [order-processing-system] [ order-worker-2] c.a.o.service.OrderProcessingService     : Order 7d6f7412-c8ce-4b1c-b21f-00984b5ce098 FAILED: Insufficient stock for product 6: requested 1, available 0. Routing to Dead Letter Queue.
2026-09-22T14:25:27.927+05:30 ERROR 6828 --- [order-processing-system] [ order-worker-3] c.a.o.service.InventoryService           : Optimistic locking retries exhausted for product 6 and quantity 1: Insufficient stock for product 6: requested 1, available 0
2026-09-22T14:25:27.927+05:30  WARN 6828 --- [order-processing-system] [ order-worker-3] c.a.o.service.OrderProcessingService     : Order 22b6e32f-df26-4eab-b307-4bef842a983e FAILED: Insufficient stock for product 6: requested 1, available 0. Routing to Dead Letter Queue.
2026-09-22T14:25:27.929+05:30 ERROR 6828 --- [order-processing-system] [ order-worker-1] c.a.o.service.InventoryService           : Optimistic locking retries exhausted for product 6 and quantity 1: Insufficient stock for product 6: requested 1, available 0
2026-09-22T14:25:27.929+05:30 ERROR 6828 --- [order-processing-system] [ order-worker-4] c.a.o.service.InventoryService           : Optimistic locking retries exhausted for product 6 and quantity 1: Insufficient stock for product 6: requested 1, available 0
2026-09-22T14:25:27.929+05:30  WARN 6828 --- [order-processing-system] [ order-worker-1] c.a.o.service.OrderProcessingService     : Order 12a91a70-7d8a-43b1-b535-9b2144e8a5dc FAILED: Insufficient stock for product 6: requested 1, available 0. Routing to Dead Letter Queue.
2026-09-22T14:25:27.929+05:30  WARN 6828 --- [order-processing-system] [ order-worker-4] c.a.o.service.OrderProcessingService     : Order a342a820-f84f-452f-91ad-0fd4d2140017 FAILED: Insufficient stock for product 6: requested 1, available 0. Routing to Dead Letter Queue.
2026-09-22T14:25:27.933+05:30  WARN 6828 --- [order-processing-system] [ order-worker-2] c.a.o.service.DeadLetterQueueService     : Order 7d6f7412-c8ce-4b1c-b21f-00984b5ce098 routed to Dead Letter Queue. Reason: Insufficient stock for product 6: requested 1, available 0
2026-09-22T14:25:27.938+05:30  WARN 6828 --- [order-processing-system] [ order-worker-3] c.a.o.service.DeadLetterQueueService     : Order 22b6e32f-df26-4eab-b307-4bef842a983e routed to Dead Letter Queue. Reason: Insufficient stock for product 6: requested 1, available 0
2026-09-22T14:25:27.940+05:30  WARN 6828 --- [order-processing-system] [ order-worker-1] c.a.o.service.DeadLetterQueueService     : Order 12a91a70-7d8a-43b1-b535-9b2144e8a5dc routed to Dead Letter Queue. Reason: Insufficient stock for product 6: requested 1, available 0
2026-09-22T14:25:27.940+05:30  WARN 6828 --- [order-processing-system] [ order-worker-4] c.a.o.service.DeadLetterQueueService     : Order a342a820-f84f-452f-91ad-0fd4d2140017 routed to Dead Letter Queue. Reason: Insufficient stock for product 6: requested 1, available 0
2026-09-22T14:25:27.965+05:30 ERROR 6828 --- [order-processing-system] [ order-worker-2] c.a.o.service.InventoryService           : Optimistic locking retries exhausted for product 6 and quantity 1: Insufficient stock for product 6: requested 1, available 0
2026-09-22T14:25:27.966+05:30 ERROR 6828 --- [order-processing-system] [ order-worker-4] c.a.o.service.InventoryService           : Optimistic locking retries exhausted for product 6 and quantity 1: Insufficient stock for product 6: requested 1, available 0
2026-09-22T14:25:27.966+05:30  WARN 6828 --- [order-processing-system] [ order-worker-2] c.a.o.service.OrderProcessingService     : Order 6116fdc3-5eb2-4c98-bede-b3df86f086c7 FAILED: Insufficient stock for product 6: requested 1, available 0. Routing to Dead Letter Queue.
2026-09-22T14:25:27.966+05:30  WARN 6828 --- [order-processing-system] [ order-worker-4] c.a.o.service.OrderProcessingService     : Order 213b10cd-99e3-4714-8a88-7b19478cd711 FAILED: Insufficient stock for product 6: requested 1, available 0. Routing to Dead Letter Queue.
2026-09-22T14:25:27.966+05:30 ERROR 6828 --- [order-processing-system] [ order-worker-1] c.a.o.service.InventoryService           : Optimistic locking retries exhausted for product 6 and quantity 1: Insufficient stock for product 6: requested 1, available 0
2026-09-22T14:25:27.967+05:30  WARN 6828 --- [order-processing-system] [ order-worker-1] c.a.o.service.OrderProcessingService     : Order d94cf476-d4ca-4c31-9abf-e19794849978 FAILED: Insufficient stock for product 6: requested 1, available 0. Routing to Dead Letter Queue.
2026-09-22T14:25:27.968+05:30 ERROR 6828 --- [order-processing-system] [ order-worker-3] c.a.o.service.InventoryService           : Optimistic locking retries exhausted for product 6 and quantity 1: Insufficient stock for product 6: requested 1, available 0
2026-09-22T14:25:27.968+05:30  WARN 6828 --- [order-processing-system] [ order-worker-3] c.a.o.service.OrderProcessingService     : Order 6eab4b3f-e43c-450d-8194-6a8699e4f7ee FAILED: Insufficient stock for product 6: requested 1, available 0. Routing to Dead Letter Queue.
2026-09-22T14:25:27.975+05:30  WARN 6828 --- [order-processing-system] [ order-worker-4] c.a.o.service.DeadLetterQueueService     : Order 213b10cd-99e3-4714-8a88-7b19478cd711 routed to Dead Letter Queue. Reason: Insufficient stock for product 6: requested 1, available 0
2026-09-22T14:25:27.975+05:30  WARN 6828 --- [order-processing-system] [ order-worker-2] c.a.o.service.DeadLetterQueueService     : Order 6116fdc3-5eb2-4c98-bede-b3df86f086c7 routed to Dead Letter Queue. Reason: Insufficient stock for product 6: requested 1, available 0
2026-09-22T14:25:27.975+05:30  WARN 6828 --- [order-processing-system] [ order-worker-1] c.a.o.service.DeadLetterQueueService     : Order d94cf476-d4ca-4c31-9abf-e19794849978 routed to Dead Letter Queue. Reason: Insufficient stock for product 6: requested 1, available 0
2026-09-22T14:25:27.977+05:30  WARN 6828 --- [order-processing-system] [ order-worker-3] c.a.o.service.DeadLetterQueueService     : Order 6eab4b3f-e43c-450d-8194-6a8699e4f7ee routed to Dead Letter Queue. Reason: Insufficient stock for product 6: requested 1, available 0
2026-09-22T14:25:27.995+05:30 ERROR 6828 --- [order-processing-system] [ order-worker-4] c.a.o.service.InventoryService           : Optimistic locking retries exhausted for product 6 and quantity 1: Insufficient stock for product 6: requested 1, available 0
2026-09-22T14:25:27.995+05:30 ERROR 6828 --- [order-processing-system] [ order-worker-2] c.a.o.service.InventoryService           : Optimistic locking retries exhausted for product 6 and quantity 1: Insufficient stock for product 6: requested 1, available 0
2026-09-22T14:25:27.996+05:30  WARN 6828 --- [order-processing-system] [ order-worker-4] c.a.o.service.OrderProcessingService     : Order 4cc64bcb-4516-425e-bf2d-7d5ee71674e2 FAILED: Insufficient stock for product 6: requested 1, available 0. Routing to Dead Letter Queue.
2026-09-22T14:25:27.996+05:30  WARN 6828 --- [order-processing-system] [ order-worker-2] c.a.o.service.OrderProcessingService     : Order 8c19b948-f149-4961-bdde-ab4108d7ae8d FAILED: Insufficient stock for product 6: requested 1, available 0. Routing to Dead Letter Queue.
2026-09-22T14:25:27.999+05:30 ERROR 6828 --- [order-processing-system] [ order-worker-3] c.a.o.service.InventoryService           : Optimistic locking retries exhausted for product 6 and quantity 1: Insufficient stock for product 6: requested 1, available 0
2026-09-22T14:25:27.999+05:30 ERROR 6828 --- [order-processing-system] [ order-worker-1] c.a.o.service.InventoryService           : Optimistic locking retries exhausted for product 6 and quantity 1: Insufficient stock for product 6: requested 1, available 0
2026-09-22T14:25:28.000+05:30  WARN 6828 --- [order-processing-system] [ order-worker-3] c.a.o.service.OrderProcessingService     : Order 8a103b48-790b-4a8d-bc4f-3a537e4592c8 FAILED: Insufficient stock for product 6: requested 1, available 0. Routing to Dead Letter Queue.
2026-09-22T14:25:28.000+05:30  WARN 6828 --- [order-processing-system] [ order-worker-1] c.a.o.service.OrderProcessingService     : Order 42a9f093-568b-4e8c-a9ba-a086709c7ae0 FAILED: Insufficient stock for product 6: requested 1, available 0. Routing to Dead Letter Queue.
2026-09-22T14:25:28.003+05:30  WARN 6828 --- [order-processing-system] [ order-worker-2] c.a.o.service.DeadLetterQueueService     : Order 8c19b948-f149-4961-bdde-ab4108d7ae8d routed to Dead Letter Queue. Reason: Insufficient stock for product 6: requested 1, available 0
2026-09-22T14:25:28.003+05:30  WARN 6828 --- [order-processing-system] [ order-worker-4] c.a.o.service.DeadLetterQueueService     : Order 4cc64bcb-4516-425e-bf2d-7d5ee71674e2 routed to Dead Letter Queue. Reason: Insufficient stock for product 6: requested 1, available 0
2026-09-22T14:25:28.007+05:30  WARN 6828 --- [order-processing-system] [ order-worker-3] c.a.o.service.DeadLetterQueueService     : Order 8a103b48-790b-4a8d-bc4f-3a537e4592c8 routed to Dead Letter Queue. Reason: Insufficient stock for product 6: requested 1, available 0
2026-09-22T14:25:28.007+05:30  WARN 6828 --- [order-processing-system] [ order-worker-1] c.a.o.service.DeadLetterQueueService     : Order 42a9f093-568b-4e8c-a9ba-a086709c7ae0 routed to Dead Letter Queue. Reason: Insufficient stock for product 6: requested 1, available 0
2026-09-22T14:25:28.027+05:30 ERROR 6828 --- [order-processing-system] [ order-worker-2] c.a.o.service.InventoryService           : Optimistic locking retries exhausted for product 6 and quantity 1: Insufficient stock for product 6: requested 1, available 0
2026-09-22T14:25:28.027+05:30 ERROR 6828 --- [order-processing-system] [ order-worker-4] c.a.o.service.InventoryService           : Optimistic locking retries exhausted for product 6 and quantity 1: Insufficient stock for product 6: requested 1, available 0
2026-09-22T14:25:28.028+05:30  WARN 6828 --- [order-processing-system] [ order-worker-2] c.a.o.service.OrderProcessingService     : Order 56dac988-7865-41d7-8486-3a51fa035801 FAILED: Insufficient stock for product 6: requested 1, available 0. Routing to Dead Letter Queue.
2026-09-22T14:25:28.028+05:30  WARN 6828 --- [order-processing-system] [ order-worker-4] c.a.o.service.OrderProcessingService     : Order 4788bd9b-9258-433e-80d3-c660362ed791 FAILED: Insufficient stock for product 6: requested 1, available 0. Routing to Dead Letter Queue.
2026-09-22T14:25:28.029+05:30 ERROR 6828 --- [order-processing-system] [ order-worker-1] c.a.o.service.InventoryService           : Optimistic locking retries exhausted for product 6 and quantity 1: Insufficient stock for product 6: requested 1, available 0
2026-09-22T14:25:28.029+05:30  WARN 6828 --- [order-processing-system] [ order-worker-1] c.a.o.service.OrderProcessingService     : Order fe74f577-753c-40c7-b974-3165c5842622 FAILED: Insufficient stock for product 6: requested 1, available 0. Routing to Dead Letter Queue.
2026-09-22T14:25:28.032+05:30 ERROR 6828 --- [order-processing-system] [ order-worker-3] c.a.o.service.InventoryService           : Optimistic locking retries exhausted for product 6 and quantity 1: Insufficient stock for product 6: requested 1, available 0
2026-09-22T14:25:28.032+05:30  WARN 6828 --- [order-processing-system] [ order-worker-3] c.a.o.service.OrderProcessingService     : Order 867966f8-8e67-492a-a0bd-8333a0a737d2 FAILED: Insufficient stock for product 6: requested 1, available 0. Routing to Dead Letter Queue.
2026-09-22T14:25:28.033+05:30  WARN 6828 --- [order-processing-system] [ order-worker-1] c.a.o.service.DeadLetterQueueService     : Order fe74f577-753c-40c7-b974-3165c5842622 routed to Dead Letter Queue. Reason: Insufficient stock for product 6: requested 1, available 0
2026-09-22T14:25:28.035+05:30  WARN 6828 --- [order-processing-system] [ order-worker-4] c.a.o.service.DeadLetterQueueService     : Order 4788bd9b-9258-433e-80d3-c660362ed791 routed to Dead Letter Queue. Reason: Insufficient stock for product 6: requested 1, available 0
2026-09-22T14:25:28.036+05:30  WARN 6828 --- [order-processing-system] [ order-worker-2] c.a.o.service.DeadLetterQueueService     : Order 56dac988-7865-41d7-8486-3a51fa035801 routed to Dead Letter Queue. Reason: Insufficient stock for product 6: requested 1, available 0
2026-09-22T14:25:28.039+05:30  WARN 6828 --- [order-processing-system] [ order-worker-3] c.a.o.service.DeadLetterQueueService     : Order 867966f8-8e67-492a-a0bd-8333a0a737d2 routed to Dead Letter Queue. Reason: Insufficient stock for product 6: requested 1, available 0
2026-09-22T14:25:28.059+05:30 ERROR 6828 --- [order-processing-system] [ order-worker-4] c.a.o.service.InventoryService           : Optimistic locking retries exhausted for product 6 and quantity 1: Insufficient stock for product 6: requested 1, available 0
2026-09-22T14:25:28.059+05:30 ERROR 6828 --- [order-processing-system] [ order-worker-2] c.a.o.service.InventoryService           : Optimistic locking retries exhausted for product 6 and quantity 1: Insufficient stock for product 6: requested 1, available 0
2026-09-22T14:25:28.059+05:30 ERROR 6828 --- [order-processing-system] [ order-worker-1] c.a.o.service.InventoryService           : Optimistic locking retries exhausted for product 6 and quantity 1: Insufficient stock for product 6: requested 1, available 0
2026-09-22T14:25:28.060+05:30  WARN 6828 --- [order-processing-system] [ order-worker-2] c.a.o.service.OrderProcessingService     : Order 07edc4b6-e0eb-423a-8693-caba3a2e8e1f FAILED: Insufficient stock for product 6: requested 1, available 0. Routing to Dead Letter Queue.
2026-09-22T14:25:28.060+05:30  WARN 6828 --- [order-processing-system] [ order-worker-1] c.a.o.service.OrderProcessingService     : Order 4ea629fa-e16f-485c-a726-4d119162ad3e FAILED: Insufficient stock for product 6: requested 1, available 0. Routing to Dead Letter Queue.
2026-09-22T14:25:28.060+05:30  WARN 6828 --- [order-processing-system] [ order-worker-4] c.a.o.service.OrderProcessingService     : Order f9e14171-b9fd-40e9-a71f-8ca1881e474d FAILED: Insufficient stock for product 6: requested 1, available 0. Routing to Dead Letter Queue.
2026-09-22T14:25:28.066+05:30 ERROR 6828 --- [order-processing-system] [ order-worker-3] c.a.o.service.InventoryService           : Optimistic locking retries exhausted for product 6 and quantity 1: Insufficient stock for product 6: requested 1, available 0
2026-09-22T14:25:28.067+05:30  WARN 6828 --- [order-processing-system] [ order-worker-3] c.a.o.service.OrderProcessingService     : Order da9b860d-0840-489e-81ad-051139979b10 FAILED: Insufficient stock for product 6: requested 1, available 0. Routing to Dead Letter Queue.
2026-09-22T14:25:28.068+05:30  WARN 6828 --- [order-processing-system] [ order-worker-2] c.a.o.service.DeadLetterQueueService     : Order 07edc4b6-e0eb-423a-8693-caba3a2e8e1f routed to Dead Letter Queue. Reason: Insufficient stock for product 6: requested 1, available 0
2026-09-22T14:25:28.068+05:30  WARN 6828 --- [order-processing-system] [ order-worker-1] c.a.o.service.DeadLetterQueueService     : Order 4ea629fa-e16f-485c-a726-4d119162ad3e routed to Dead Letter Queue. Reason: Insufficient stock for product 6: requested 1, available 0
2026-09-22T14:25:28.070+05:30  WARN 6828 --- [order-processing-system] [ order-worker-4] c.a.o.service.DeadLetterQueueService     : Order f9e14171-b9fd-40e9-a71f-8ca1881e474d routed to Dead Letter Queue. Reason: Insufficient stock for product 6: requested 1, available 0
2026-09-22T14:25:28.075+05:30  WARN 6828 --- [order-processing-system] [ order-worker-3] c.a.o.service.DeadLetterQueueService     : Order da9b860d-0840-489e-81ad-051139979b10 routed to Dead Letter Queue. Reason: Insufficient stock for product 6: requested 1, available 0
2026-09-22T14:25:28.099+05:30 ERROR 6828 --- [order-processing-system] [ order-worker-1] c.a.o.service.InventoryService           : Optimistic locking retries exhausted for product 6 and quantity 1: Insufficient stock for product 6: requested 1, available 0
2026-09-22T14:25:28.098+05:30 ERROR 6828 --- [order-processing-system] [ order-worker-4] c.a.o.service.InventoryService           : Optimistic locking retries exhausted for product 6 and quantity 1: Insufficient stock for product 6: requested 1, available 0
2026-09-22T14:25:28.099+05:30  WARN 6828 --- [order-processing-system] [ order-worker-1] c.a.o.service.OrderProcessingService     : Order cb64e5ca-7527-4c44-b90d-c3f177fa334e FAILED: Insufficient stock for product 6: requested 1, available 0. Routing to Dead Letter Queue.
2026-09-22T14:25:28.099+05:30  WARN 6828 --- [order-processing-system] [ order-worker-4] c.a.o.service.OrderProcessingService     : Order 197a78d0-a357-4bad-a7a0-7f9d4eacc201 FAILED: Insufficient stock for product 6: requested 1, available 0. Routing to Dead Letter Queue.
2026-09-22T14:25:28.100+05:30 ERROR 6828 --- [order-processing-system] [ order-worker-2] c.a.o.service.InventoryService           : Optimistic locking retries exhausted for product 6 and quantity 1: Insufficient stock for product 6: requested 1, available 0
2026-09-22T14:25:28.100+05:30  WARN 6828 --- [order-processing-system] [ order-worker-2] c.a.o.service.OrderProcessingService     : Order af308839-78c3-4d2b-814e-66dfbb342234 FAILED: Insufficient stock for product 6: requested 1, available 0. Routing to Dead Letter Queue.
2026-09-22T14:25:28.104+05:30 ERROR 6828 --- [order-processing-system] [ order-worker-3] c.a.o.service.InventoryService           : Optimistic locking retries exhausted for product 6 and quantity 1: Insufficient stock for product 6: requested 1, available 0
2026-09-22T14:25:28.105+05:30  WARN 6828 --- [order-processing-system] [ order-worker-3] c.a.o.service.OrderProcessingService     : Order 288f5e9c-0405-42fd-b710-8b62b2d398d2 FAILED: Insufficient stock for product 6: requested 1, available 0. Routing to Dead Letter Queue.
2026-09-22T14:25:28.108+05:30  WARN 6828 --- [order-processing-system] [ order-worker-4] c.a.o.service.DeadLetterQueueService     : Order 197a78d0-a357-4bad-a7a0-7f9d4eacc201 routed to Dead Letter Queue. Reason: Insufficient stock for product 6: requested 1, available 0
2026-09-22T14:25:28.108+05:30  WARN 6828 --- [order-processing-system] [ order-worker-2] c.a.o.service.DeadLetterQueueService     : Order af308839-78c3-4d2b-814e-66dfbb342234 routed to Dead Letter Queue. Reason: Insufficient stock for product 6: requested 1, available 0
2026-09-22T14:25:28.108+05:30  WARN 6828 --- [order-processing-system] [ order-worker-1] c.a.o.service.DeadLetterQueueService     : Order cb64e5ca-7527-4c44-b90d-c3f177fa334e routed to Dead Letter Queue. Reason: Insufficient stock for product 6: requested 1, available 0
2026-09-22T14:25:28.115+05:30  WARN 6828 --- [order-processing-system] [ order-worker-3] c.a.o.service.DeadLetterQueueService     : Order 288f5e9c-0405-42fd-b710-8b62b2d398d2 routed to Dead Letter Queue. Reason: Insufficient stock for product 6: requested 1, available 0
2026-09-22T14:25:28.131+05:30 ERROR 6828 --- [order-processing-system] [ order-worker-2] c.a.o.service.InventoryService           : Optimistic locking retries exhausted for product 6 and quantity 1: Insufficient stock for product 6: requested 1, available 0
2026-09-22T14:25:28.131+05:30  WARN 6828 --- [order-processing-system] [ order-worker-2] c.a.o.service.OrderProcessingService     : Order 0832eacf-5e63-43a7-9c92-624508ac1b5b FAILED: Insufficient stock for product 6: requested 1, available 0. Routing to Dead Letter Queue.
2026-09-22T14:25:28.134+05:30 ERROR 6828 --- [order-processing-system] [ order-worker-4] c.a.o.service.InventoryService           : Optimistic locking retries exhausted for product 6 and quantity 1: Insufficient stock for product 6: requested 1, available 0
2026-09-22T14:25:28.134+05:30  WARN 6828 --- [order-processing-system] [ order-worker-4] c.a.o.service.OrderProcessingService     : Order 323de483-afe1-447d-8bd2-40c8efb09673 FAILED: Insufficient stock for product 6: requested 1, available 0. Routing to Dead Letter Queue.
2026-09-22T14:25:28.135+05:30 ERROR 6828 --- [order-processing-system] [ order-worker-1] c.a.o.service.InventoryService           : Optimistic locking retries exhausted for product 6 and quantity 1: Insufficient stock for product 6: requested 1, available 0
2026-09-22T14:25:28.136+05:30  WARN 6828 --- [order-processing-system] [ order-worker-1] c.a.o.service.OrderProcessingService     : Order b55c8559-3935-423f-a22e-89728aa5c5e9 FAILED: Insufficient stock for product 6: requested 1, available 0. Routing to Dead Letter Queue.
2026-09-22T14:25:28.138+05:30  WARN 6828 --- [order-processing-system] [ order-worker-2] c.a.o.service.DeadLetterQueueService     : Order 0832eacf-5e63-43a7-9c92-624508ac1b5b routed to Dead Letter Queue. Reason: Insufficient stock for product 6: requested 1, available 0
2026-09-22T14:25:28.141+05:30  WARN 6828 --- [order-processing-system] [ order-worker-4] c.a.o.service.DeadLetterQueueService     : Order 323de483-afe1-447d-8bd2-40c8efb09673 routed to Dead Letter Queue. Reason: Insufficient stock for product 6: requested 1, available 0
2026-09-22T14:25:28.142+05:30 ERROR 6828 --- [order-processing-system] [ order-worker-3] c.a.o.service.InventoryService           : Optimistic locking retries exhausted for product 6 and quantity 1: Insufficient stock for product 6: requested 1, available 0
2026-09-22T14:25:28.142+05:30  WARN 6828 --- [order-processing-system] [ order-worker-1] c.a.o.service.DeadLetterQueueService     : Order b55c8559-3935-423f-a22e-89728aa5c5e9 routed to Dead Letter Queue. Reason: Insufficient stock for product 6: requested 1, available 0
2026-09-22T14:25:28.143+05:30  WARN 6828 --- [order-processing-system] [ order-worker-3] c.a.o.service.OrderProcessingService     : Order 11cd05ab-cd05-43c4-b35c-1b7c124fba78 FAILED: Insufficient stock for product 6: requested 1, available 0. Routing to Dead Letter Queue.
2026-09-22T14:25:28.150+05:30  WARN 6828 --- [order-processing-system] [ order-worker-3] c.a.o.service.DeadLetterQueueService     : Order 11cd05ab-cd05-43c4-b35c-1b7c124fba78 routed to Dead Letter Queue. Reason: Insufficient stock for product 6: requested 1, available 0
2026-09-22T14:25:28.167+05:30 ERROR 6828 --- [order-processing-system] [ order-worker-2] c.a.o.service.InventoryService           : Optimistic locking retries exhausted for product 6 and quantity 1: Insufficient stock for product 6: requested 1, available 0
2026-09-22T14:25:28.167+05:30  WARN 6828 --- [order-processing-system] [ order-worker-2] c.a.o.service.OrderProcessingService     : Order 8dae8518-cac5-4822-8c88-2c5d20b34e48 FAILED: Insufficient stock for product 6: requested 1, available 0. Routing to Dead Letter Queue.
2026-09-22T14:25:28.169+05:30 ERROR 6828 --- [order-processing-system] [ order-worker-1] c.a.o.service.InventoryService           : Optimistic locking retries exhausted for product 6 and quantity 1: Insufficient stock for product 6: requested 1, available 0
2026-09-22T14:25:28.169+05:30  WARN 6828 --- [order-processing-system] [ order-worker-1] c.a.o.service.OrderProcessingService     : Order 173e41b5-dffb-41d4-8eb3-918545af0c62 FAILED: Insufficient stock for product 6: requested 1, available 0. Routing to Dead Letter Queue.
2026-09-22T14:25:28.176+05:30  WARN 6828 --- [order-processing-system] [ order-worker-2] c.a.o.service.DeadLetterQueueService     : Order 8dae8518-cac5-4822-8c88-2c5d20b34e48 routed to Dead Letter Queue. Reason: Insufficient stock for product 6: requested 1, available 0
2026-09-22T14:25:28.178+05:30  WARN 6828 --- [order-processing-system] [ order-worker-1] c.a.o.service.DeadLetterQueueService     : Order 173e41b5-dffb-41d4-8eb3-918545af0c62 routed to Dead Letter Queue. Reason: Insufficient stock for product 6: requested 1, available 0
]]></system-out>
    <system-err><![CDATA[WARNING: A Java agent has been loaded dynamically (C:\Users\navih\.m2\repository\net\bytebuddy\byte-buddy-agent\1.14.19\byte-buddy-agent-1.14.19.jar)
WARNING: If a serviceability tool is in use, please run with -XX:+EnableDynamicAgentLoading to hide this warning
WARNING: If a serviceability tool is not in use, please run with -Djdk.instrument.traceUsage for more information
WARNING: Dynamic loading of agents will be disallowed by default in a future release
]]></system-err>
  </testcase>
  <testcase name="testIdempotencyProtection" classname="com.acentra.orderprocessing.OrderProcessingConcurrencyTest" time="1.613">
    <system-out><![CDATA[2026-09-22T14:25:30.793+05:30  INFO 6828 --- [order-processing-system] [           main] c.a.o.service.OrderProcessingService     : Duplicate order detected with idempotency key: idempotent-key-a5f97b15-d350-43c3-86e9-94416e95557e. Suppressing submission.
2026-09-22T14:25:30.817+05:30  INFO 6828 --- [order-processing-system] [ order-worker-4] c.a.o.service.OrderProcessingService     : Order 50a84927-33dd-4c6f-aced-e4e0e072fd6f CONFIRMED for product 6 (qty: 2)
]]></system-out>
  </testcase>
</testsuite>